Analysis & Synthesis report for controlador_de_vagas
Sun May 29 14:54:42 2022
Quartus Prime Version 16.1.0 Build 196 10/24/2016 SJ Lite Edition


---------------------
; Table of Contents ;
---------------------
  1. Legal Notice
  2. Analysis & Synthesis Summary
  3. Analysis & Synthesis Settings
  4. Parallel Compilation
  5. Analysis & Synthesis Source Files Read
  6. Analysis & Synthesis Resource Usage Summary
  7. Analysis & Synthesis Resource Utilization by Entity
  8. State Machine - |controlador_de_vagas|unidade_de_controle:UC|CurrentState
  9. Registers Removed During Synthesis
 10. General Register Statistics
 11. Port Connectivity Checks: "fluxo_de_dados:FD"
 12. Port Connectivity Checks: "unidade_de_controle:UC"
 13. Post-Synthesis Netlist Statistics for Top Partition
 14. Elapsed Time Per Partition
 15. Analysis & Synthesis Messages



----------------
; Legal Notice ;
----------------
Copyright (C) 2016  Intel Corporation. All rights reserved.
Your use of Intel Corporation's design tools, logic functions 
and other software and tools, and its AMPP partner logic 
functions, and any output files from any of the foregoing 
(including device programming or simulation files), and any 
associated documentation or information are expressly subject 
to the terms and conditions of the Intel Program License 
Subscription Agreement, the Intel Quartus Prime License Agreement,
the Intel MegaCore Function License Agreement, or other 
applicable license agreement, including, without limitation, 
that your use is for the sole purpose of programming logic 
devices manufactured by Intel and sold by Intel or its 
authorized distributors.  Please refer to the applicable 
agreement for further details.



+-------------------------------------------------------------------------------+
; Analysis & Synthesis Summary                                                  ;
+---------------------------------+---------------------------------------------+
; Analysis & Synthesis Status     ; Successful - Sun May 29 14:54:42 2022       ;
; Quartus Prime Version           ; 16.1.0 Build 196 10/24/2016 SJ Lite Edition ;
; Revision Name                   ; controlador_de_vagas                        ;
; Top-level Entity Name           ; controlador_de_vagas                        ;
; Family                          ; Cyclone V                                   ;
; Logic utilization (in ALMs)     ; N/A                                         ;
; Total registers                 ; 11                                          ;
; Total pins                      ; 23                                          ;
; Total virtual pins              ; 0                                           ;
; Total block memory bits         ; 0                                           ;
; Total DSP Blocks                ; 0                                           ;
; Total HSSI RX PCSs              ; 0                                           ;
; Total HSSI PMA RX Deserializers ; 0                                           ;
; Total HSSI TX PCSs              ; 0                                           ;
; Total HSSI PMA TX Serializers   ; 0                                           ;
; Total PLLs                      ; 0                                           ;
; Total DLLs                      ; 0                                           ;
+---------------------------------+---------------------------------------------+


+-------------------------------------------------------------------------------------------------------------------------------+
; Analysis & Synthesis Settings                                                                                                 ;
+---------------------------------------------------------------------------------+----------------------+----------------------+
; Option                                                                          ; Setting              ; Default Value        ;
+---------------------------------------------------------------------------------+----------------------+----------------------+
; Device                                                                          ; 5CEBA4F23C7          ;                      ;
; Top-level entity name                                                           ; controlador_de_vagas ; controlador_de_vagas ;
; Family name                                                                     ; Cyclone V            ; Cyclone V            ;
; Use smart compilation                                                           ; Off                  ; Off                  ;
; Enable parallel Assembler and TimeQuest Timing Analyzer during compilation      ; On                   ; On                   ;
; Enable compact report table                                                     ; Off                  ; Off                  ;
; Restructure Multiplexers                                                        ; Auto                 ; Auto                 ;
; MLAB Add Timing Constraints For Mixed-Port Feed-Through Mode Setting Don't Care ; Off                  ; Off                  ;
; Create Debugging Nodes for IP Cores                                             ; Off                  ; Off                  ;
; Preserve fewer node names                                                       ; On                   ; On                   ;
; OpenCore Plus hardware evaluation                                               ; Enable               ; Enable               ;
; Verilog Version                                                                 ; Verilog_2001         ; Verilog_2001         ;
; VHDL Version                                                                    ; VHDL_1993            ; VHDL_1993            ;
; State Machine Processing                                                        ; Auto                 ; Auto                 ;
; Safe State Machine                                                              ; Off                  ; Off                  ;
; Extract Verilog State Machines                                                  ; On                   ; On                   ;
; Extract VHDL State Machines                                                     ; On                   ; On                   ;
; Ignore Verilog initial constructs                                               ; Off                  ; Off                  ;
; Iteration limit for constant Verilog loops                                      ; 5000                 ; 5000                 ;
; Iteration limit for non-constant Verilog loops                                  ; 250                  ; 250                  ;
; Add Pass-Through Logic to Inferred RAMs                                         ; On                   ; On                   ;
; Infer RAMs from Raw Logic                                                       ; On                   ; On                   ;
; Parallel Synthesis                                                              ; On                   ; On                   ;
; DSP Block Balancing                                                             ; Auto                 ; Auto                 ;
; NOT Gate Push-Back                                                              ; On                   ; On                   ;
; Power-Up Don't Care                                                             ; On                   ; On                   ;
; Remove Redundant Logic Cells                                                    ; Off                  ; Off                  ;
; Remove Duplicate Registers                                                      ; On                   ; On                   ;
; Ignore CARRY Buffers                                                            ; Off                  ; Off                  ;
; Ignore CASCADE Buffers                                                          ; Off                  ; Off                  ;
; Ignore GLOBAL Buffers                                                           ; Off                  ; Off                  ;
; Ignore ROW GLOBAL Buffers                                                       ; Off                  ; Off                  ;
; Ignore LCELL Buffers                                                            ; Off                  ; Off                  ;
; Ignore SOFT Buffers                                                             ; On                   ; On                   ;
; Limit AHDL Integers to 32 Bits                                                  ; Off                  ; Off                  ;
; Optimization Technique                                                          ; Balanced             ; Balanced             ;
; Carry Chain Length                                                              ; 70                   ; 70                   ;
; Auto Carry Chains                                                               ; On                   ; On                   ;
; Auto Open-Drain Pins                                                            ; On                   ; On                   ;
; Perform WYSIWYG Primitive Resynthesis                                           ; Off                  ; Off                  ;
; Auto ROM Replacement                                                            ; On                   ; On                   ;
; Auto RAM Replacement                                                            ; On                   ; On                   ;
; Auto DSP Block Replacement                                                      ; On                   ; On                   ;
; Auto Shift Register Replacement                                                 ; Auto                 ; Auto                 ;
; Allow Shift Register Merging across Hierarchies                                 ; Auto                 ; Auto                 ;
; Auto Clock Enable Replacement                                                   ; On                   ; On                   ;
; Strict RAM Replacement                                                          ; Off                  ; Off                  ;
; Allow Synchronous Control Signals                                               ; On                   ; On                   ;
; Force Use of Synchronous Clear Signals                                          ; Off                  ; Off                  ;
; Auto Resource Sharing                                                           ; Off                  ; Off                  ;
; Allow Any RAM Size For Recognition                                              ; Off                  ; Off                  ;
; Allow Any ROM Size For Recognition                                              ; Off                  ; Off                  ;
; Allow Any Shift Register Size For Recognition                                   ; Off                  ; Off                  ;
; Use LogicLock Constraints during Resource Balancing                             ; On                   ; On                   ;
; Ignore translate_off and synthesis_off directives                               ; Off                  ; Off                  ;
; Timing-Driven Synthesis                                                         ; On                   ; On                   ;
; Report Parameter Settings                                                       ; On                   ; On                   ;
; Report Source Assignments                                                       ; On                   ; On                   ;
; Report Connectivity Checks                                                      ; On                   ; On                   ;
; Ignore Maximum Fan-Out Assignments                                              ; Off                  ; Off                  ;
; Synchronization Register Chain Length                                           ; 3                    ; 3                    ;
; PowerPlay Power Optimization During Synthesis                                   ; Normal compilation   ; Normal compilation   ;
; HDL message level                                                               ; Level2               ; Level2               ;
; Suppress Register Optimization Related Messages                                 ; Off                  ; Off                  ;
; Number of Removed Registers Reported in Synthesis Report                        ; 5000                 ; 5000                 ;
; Number of Swept Nodes Reported in Synthesis Report                              ; 5000                 ; 5000                 ;
; Number of Inverted Registers Reported in Synthesis Report                       ; 100                  ; 100                  ;
; Clock MUX Protection                                                            ; On                   ; On                   ;
; Auto Gated Clock Conversion                                                     ; Off                  ; Off                  ;
; Block Design Naming                                                             ; Auto                 ; Auto                 ;
; SDC constraint protection                                                       ; Off                  ; Off                  ;
; Synthesis Effort                                                                ; Auto                 ; Auto                 ;
; Shift Register Replacement - Allow Asynchronous Clear Signal                    ; On                   ; On                   ;
; Pre-Mapping Resynthesis Optimization                                            ; Off                  ; Off                  ;
; Analysis & Synthesis Message Level                                              ; Medium               ; Medium               ;
; Disable Register Merging Across Hierarchies                                     ; Auto                 ; Auto                 ;
; Resource Aware Inference For Block RAM                                          ; On                   ; On                   ;
; Automatic Parallel Synthesis                                                    ; On                   ; On                   ;
; Partial Reconfiguration Bitstream ID                                            ; Off                  ; Off                  ;
+---------------------------------------------------------------------------------+----------------------+----------------------+


+------------------------------------------+
; Parallel Compilation                     ;
+----------------------------+-------------+
; Processors                 ; Number      ;
+----------------------------+-------------+
; Number detected on machine ; 8           ;
; Maximum allowed            ; 4           ;
;                            ;             ;
; Average used               ; 1.00        ;
; Maximum used               ; 4           ;
;                            ;             ;
; Usage by Processor         ; % Time Used ;
;     Processor 1            ; 100.0%      ;
;     Processors 2-4         ;   0.0%      ;
+----------------------------+-------------+


+-----------------------------------------------------------------------------------------------------------------------------------------------------------------------------------------------------+
; Analysis & Synthesis Source Files Read                                                                                                                                                              ;
+----------------------------------+-----------------+-----------------+--------------------------------------------------------------------------------------------------------------------+---------+
; File Name with User-Entered Path ; Used in Netlist ; File Type       ; File Name with Absolute Path                                                                                       ; Library ;
+----------------------------------+-----------------+-----------------+--------------------------------------------------------------------------------------------------------------------+---------+
; up_down.vhd                      ; yes             ; User VHDL File  ; C:/Users/Sophia/Documents/parasitas/USP_Poli_Lab-Dig-A/exp6/projetos/contador_idosos_02/up_down.vhd                ;         ;
; unidade_de_controle.vhd          ; yes             ; User VHDL File  ; C:/Users/Sophia/Documents/parasitas/USP_Poli_Lab-Dig-A/exp6/projetos/contador_idosos_02/unidade_de_controle.vhd    ;         ;
; fluxo_de_dados.vhd               ; yes             ; User VHDL File  ; C:/Users/Sophia/Documents/parasitas/USP_Poli_Lab-Dig-A/exp6/projetos/contador_idosos_02/fluxo_de_dados.vhd         ;         ;
; controlador_de_vagas.vhd         ; yes             ; User VHDL File  ; C:/Users/Sophia/Documents/parasitas/USP_Poli_Lab-Dig-A/exp6/projetos/contador_idosos_02/controlador_de_vagas.vhd   ;         ;
; comparador_maior_igual.vhd       ; yes             ; User VHDL File  ; C:/Users/Sophia/Documents/parasitas/USP_Poli_Lab-Dig-A/exp6/projetos/contador_idosos_02/comparador_maior_igual.vhd ;         ;
+----------------------------------+-----------------+-----------------+--------------------------------------------------------------------------------------------------------------------+---------+


+-----------------------------------------------------------+
; Analysis & Synthesis Resource Usage Summary               ;
+---------------------------------------------+-------------+
; Resource                                    ; Usage       ;
+---------------------------------------------+-------------+
; Estimate of Logic utilization (ALMs needed) ; 10          ;
;                                             ;             ;
; Combinational ALUT usage for logic          ; 17          ;
;     -- 7 input functions                    ; 0           ;
;     -- 6 input functions                    ; 2           ;
;     -- 5 input functions                    ; 3           ;
;     -- 4 input functions                    ; 5           ;
;     -- <=3 input functions                  ; 7           ;
;                                             ;             ;
; Dedicated logic registers                   ; 11          ;
;                                             ;             ;
; I/O pins                                    ; 23          ;
;                                             ;             ;
; Total DSP Blocks                            ; 0           ;
;                                             ;             ;
; Maximum fan-out node                        ; clock~input ;
; Maximum fan-out                             ; 11          ;
; Total fan-out                               ; 133         ;
; Average fan-out                             ; 1.80        ;
+---------------------------------------------+-------------+


+------------------------------------------------------------------------------------------------------------------------------------------------------------------------------------------------------------------------------------------+
; Analysis & Synthesis Resource Utilization by Entity                                                                                                                                                                                      ;
+-----------------------------+---------------------+---------------------------+-------------------+------------+------+--------------+-------------------------------------------------------------+----------------------+--------------+
; Compilation Hierarchy Node  ; Combinational ALUTs ; Dedicated Logic Registers ; Block Memory Bits ; DSP Blocks ; Pins ; Virtual Pins ; Full Hierarchy Name                                         ; Entity Name          ; Library Name ;
+-----------------------------+---------------------+---------------------------+-------------------+------------+------+--------------+-------------------------------------------------------------+----------------------+--------------+
; |controlador_de_vagas       ; 17 (0)              ; 11 (0)                    ; 0                 ; 0          ; 23   ; 0            ; |controlador_de_vagas                                       ; controlador_de_vagas ; work         ;
;    |fluxo_de_dados:FD|      ; 14 (2)              ; 8 (0)                     ; 0                 ; 0          ; 0    ; 0            ; |controlador_de_vagas|fluxo_de_dados:FD                     ; fluxo_de_dados       ; work         ;
;       |comparador:comp1|    ; 4 (4)               ; 0 (0)                     ; 0                 ; 0          ; 0    ; 0            ; |controlador_de_vagas|fluxo_de_dados:FD|comparador:comp1    ; comparador           ; work         ;
;       |up_down:cont_idosos| ; 4 (4)               ; 4 (4)                     ; 0                 ; 0          ; 0    ; 0            ; |controlador_de_vagas|fluxo_de_dados:FD|up_down:cont_idosos ; up_down              ; work         ;
;       |up_down:cont_total|  ; 4 (4)               ; 4 (4)                     ; 0                 ; 0          ; 0    ; 0            ; |controlador_de_vagas|fluxo_de_dados:FD|up_down:cont_total  ; up_down              ; work         ;
;    |unidade_de_controle:UC| ; 3 (3)               ; 3 (3)                     ; 0                 ; 0          ; 0    ; 0            ; |controlador_de_vagas|unidade_de_controle:UC                ; unidade_de_controle  ; work         ;
+-----------------------------+---------------------+---------------------------+-------------------+------------+------+--------------+-------------------------------------------------------------+----------------------+--------------+
Note: For table entries with two numbers listed, the numbers in parentheses indicate the number of resources of the given type used by the specific entity alone. The numbers listed outside of parentheses indicate the total resources of the given type used by the specific entity and all of its sub-entities in the hierarchy.


Encoding Type:  One-Hot
+-------------------------------------------------------------------------------------------------------------------------------------------------+
; State Machine - |controlador_de_vagas|unidade_de_controle:UC|CurrentState                                                                       ;
+-------------------------+--------------------+-------------------------+-------------------------+--------------------+-------------------------+
; Name                    ; CurrentState.cheio ; CurrentState.inc_normal ; CurrentState.inc_idosos ; CurrentState.vazio ; CurrentState.zera_vagas ;
+-------------------------+--------------------+-------------------------+-------------------------+--------------------+-------------------------+
; CurrentState.zera_vagas ; 0                  ; 0                       ; 0                       ; 0                  ; 0                       ;
; CurrentState.vazio      ; 0                  ; 0                       ; 0                       ; 1                  ; 1                       ;
; CurrentState.inc_idosos ; 0                  ; 0                       ; 1                       ; 0                  ; 1                       ;
; CurrentState.inc_normal ; 0                  ; 1                       ; 0                       ; 0                  ; 1                       ;
; CurrentState.cheio      ; 1                  ; 0                       ; 0                       ; 0                  ; 1                       ;
+-------------------------+--------------------+-------------------------+-------------------------+--------------------+-------------------------+


+-----------------------------------------------------------------------------------------+
; Registers Removed During Synthesis                                                      ;
+------------------------------------------------+----------------------------------------+
; Register name                                  ; Reason for Removal                     ;
+------------------------------------------------+----------------------------------------+
; unidade_de_controle:UC|CurrentState.zera_vagas ; Lost fanout                            ;
; unidade_de_controle:UC|CurrentState.cheio      ; Stuck at GND due to stuck port data_in ;
; Total Number of Removed Registers = 2          ;                                        ;
+------------------------------------------------+----------------------------------------+


+------------------------------------------------------+
; General Register Statistics                          ;
+----------------------------------------------+-------+
; Statistic                                    ; Value ;
+----------------------------------------------+-------+
; Total registers                              ; 11    ;
; Number of registers using Synchronous Clear  ; 0     ;
; Number of registers using Synchronous Load   ; 0     ;
; Number of registers using Asynchronous Clear ; 11    ;
; Number of registers using Asynchronous Load  ; 0     ;
; Number of registers using Clock Enable       ; 4     ;
; Number of registers using Preset             ; 0     ;
+----------------------------------------------+-------+


+-----------------------------------------------+
; Port Connectivity Checks: "fluxo_de_dados:FD" ;
+------+-------+----------+---------------------+
; Port ; Type  ; Severity ; Details             ;
+------+-------+----------+---------------------+
; load ; Input ; Info     ; Stuck at GND        ;
+------+-------+----------+---------------------+


+-----------------------------------------------------------------------------------------------------------------------+
; Port Connectivity Checks: "unidade_de_controle:UC"                                                                    ;
+-------------+--------+----------+-------------------------------------------------------------------------------------+
; Port        ; Type   ; Severity ; Details                                                                             ;
+-------------+--------+----------+-------------------------------------------------------------------------------------+
; clear_sm_dp ; Output ; Info     ; Connected to dangling logic. Logic that only feeds a dangling port will be removed. ;
+-------------+--------+----------+-------------------------------------------------------------------------------------+


+-----------------------------------------------------+
; Post-Synthesis Netlist Statistics for Top Partition ;
+-----------------------+-----------------------------+
; Type                  ; Count                       ;
+-----------------------+-----------------------------+
; arriav_ff             ; 11                          ;
;     CLR               ; 7                           ;
;     ENA CLR           ; 4                           ;
; arriav_lcell_comb     ; 17                          ;
;     normal            ; 17                          ;
;         1 data inputs ; 1                           ;
;         2 data inputs ; 2                           ;
;         3 data inputs ; 4                           ;
;         4 data inputs ; 5                           ;
;         5 data inputs ; 3                           ;
;         6 data inputs ; 2                           ;
; boundary_port         ; 23                          ;
;                       ;                             ;
; Max LUT depth         ; 3.00                        ;
; Average LUT depth     ; 1.92                        ;
+-----------------------+-----------------------------+


+-------------------------------+
; Elapsed Time Per Partition    ;
+----------------+--------------+
; Partition Name ; Elapsed Time ;
+----------------+--------------+
; Top            ; 00:00:02     ;
+----------------+--------------+


+-------------------------------+
; Analysis & Synthesis Messages ;
+-------------------------------+
Info: *******************************************************************
Info: Running Quartus Prime Analysis & Synthesis
    Info: Version 16.1.0 Build 196 10/24/2016 SJ Lite Edition
    Info: Processing started: Sun May 29 14:54:03 2022
Info: Command: quartus_map --read_settings_files=on --write_settings_files=off controlador_de_vagas -c controlador_de_vagas
Warning (18236): Number of processors has not been specified which may cause overloading on shared machines.  Set the global assignment NUM_PARALLEL_PROCESSORS in your QSF to an appropriate value for best performance.
Info (20030): Parallel compilation is enabled and will use 4 of the 4 processors detected
Info (12021): Found 2 design units, including 1 entities, in source file up_down.vhd
    Info (12022): Found design unit 1: up_down-comportamental File: C:/Users/Sophia/Documents/parasitas/USP_Poli_Lab-Dig-A/exp6/projetos/contador_idosos_02/up_down.vhd Line: 16
    Info (12023): Found entity 1: up_down File: C:/Users/Sophia/Documents/parasitas/USP_Poli_Lab-Dig-A/exp6/projetos/contador_idosos_02/up_down.vhd Line: 7
Info (12021): Found 2 design units, including 1 entities, in source file unidade_de_controle.vhd
    Info (12022): Found design unit 1: unidade_de_controle-arch File: C:/Users/Sophia/Documents/parasitas/USP_Poli_Lab-Dig-A/exp6/projetos/contador_idosos_02/unidade_de_controle.vhd Line: 16
    Info (12023): Found entity 1: unidade_de_controle File: C:/Users/Sophia/Documents/parasitas/USP_Poli_Lab-Dig-A/exp6/projetos/contador_idosos_02/unidade_de_controle.vhd Line: 6
Info (12021): Found 2 design units, including 1 entities, in source file fluxo_de_dados.vhd
    Info (12022): Found design unit 1: fluxo_de_dados-arch File: C:/Users/Sophia/Documents/parasitas/USP_Poli_Lab-Dig-A/exp6/projetos/contador_idosos_02/fluxo_de_dados.vhd Line: 17
    Info (12023): Found entity 1: fluxo_de_dados File: C:/Users/Sophia/Documents/parasitas/USP_Poli_Lab-Dig-A/exp6/projetos/contador_idosos_02/fluxo_de_dados.vhd Line: 6
Info (12021): Found 2 design units, including 1 entities, in source file controlador_de_vagas.vhd
    Info (12022): Found design unit 1: controlador_de_vagas-arch File: C:/Users/Sophia/Documents/parasitas/USP_Poli_Lab-Dig-A/exp6/projetos/contador_idosos_02/controlador_de_vagas.vhd Line: 17
    Info (12023): Found entity 1: controlador_de_vagas File: C:/Users/Sophia/Documents/parasitas/USP_Poli_Lab-Dig-A/exp6/projetos/contador_idosos_02/controlador_de_vagas.vhd Line: 6
Info (12021): Found 2 design units, including 1 entities, in source file comparador_maior_igual.vhd
    Info (12022): Found design unit 1: comparador-comportamental File: C:/Users/Sophia/Documents/parasitas/USP_Poli_Lab-Dig-A/exp6/projetos/contador_idosos_02/comparador_maior_igual.vhd Line: 16
    Info (12023): Found entity 1: comparador File: C:/Users/Sophia/Documents/parasitas/USP_Poli_Lab-Dig-A/exp6/projetos/contador_idosos_02/comparador_maior_igual.vhd Line: 7
Info (12127): Elaborating entity "controlador_de_vagas" for the top level hierarchy
Warning (10036): Verilog HDL or VHDL warning at controlador_de_vagas.vhd(39): object "clear_sm_dp_s" assigned a value but never read File: C:/Users/Sophia/Documents/parasitas/USP_Poli_Lab-Dig-A/exp6/projetos/contador_idosos_02/controlador_de_vagas.vhd Line: 39
Info (12128): Elaborating entity "unidade_de_controle" for hierarchy "unidade_de_controle:UC" File: C:/Users/Sophia/Documents/parasitas/USP_Poli_Lab-Dig-A/exp6/projetos/contador_idosos_02/controlador_de_vagas.vhd Line: 44
Warning (10492): VHDL Process Statement warning at unidade_de_controle.vhd(48): signal "entra_sai_idosos" is read inside the Process Statement but isn't in the Process Statement's sensitivity list File: C:/Users/Sophia/Documents/parasitas/USP_Poli_Lab-Dig-A/exp6/projetos/contador_idosos_02/unidade_de_controle.vhd Line: 48
Warning (10492): VHDL Process Statement warning at unidade_de_controle.vhd(55): signal "entra_sai_normal" is read inside the Process Statement but isn't in the Process Statement's sensitivity list File: C:/Users/Sophia/Documents/parasitas/USP_Poli_Lab-Dig-A/exp6/projetos/contador_idosos_02/unidade_de_controle.vhd Line: 55
Warning (10492): VHDL Process Statement warning at unidade_de_controle.vhd(67): signal "CurrentState" is read inside the Process Statement but isn't in the Process Statement's sensitivity list File: C:/Users/Sophia/Documents/parasitas/USP_Poli_Lab-Dig-A/exp6/projetos/contador_idosos_02/unidade_de_controle.vhd Line: 67
Info (12128): Elaborating entity "fluxo_de_dados" for hierarchy "fluxo_de_dados:FD" File: C:/Users/Sophia/Documents/parasitas/USP_Poli_Lab-Dig-A/exp6/projetos/contador_idosos_02/controlador_de_vagas.vhd Line: 59
Warning (10541): VHDL Signal Declaration warning at fluxo_de_dados.vhd(12): used implicit default value for signal "cheio_dp_sm" because signal was never assigned a value or an explicit default value. Use of implicit default value may introduce unintended design optimizations. File: C:/Users/Sophia/Documents/parasitas/USP_Poli_Lab-Dig-A/exp6/projetos/contador_idosos_02/fluxo_de_dados.vhd Line: 12
Warning (10036): Verilog HDL or VHDL warning at fluxo_de_dados.vhd(38): object "conta_idosos_s" assigned a value but never read File: C:/Users/Sophia/Documents/parasitas/USP_Poli_Lab-Dig-A/exp6/projetos/contador_idosos_02/fluxo_de_dados.vhd Line: 38
Info (12128): Elaborating entity "up_down" for hierarchy "fluxo_de_dados:FD|up_down:cont_idosos" File: C:/Users/Sophia/Documents/parasitas/USP_Poli_Lab-Dig-A/exp6/projetos/contador_idosos_02/fluxo_de_dados.vhd Line: 47
Info (12128): Elaborating entity "comparador" for hierarchy "fluxo_de_dados:FD|comparador:comp1" File: C:/Users/Sophia/Documents/parasitas/USP_Poli_Lab-Dig-A/exp6/projetos/contador_idosos_02/fluxo_de_dados.vhd Line: 67
Info (286030): Timing-Driven Synthesis is running
Info (17049): 1 registers lost all their fanouts during netlist optimizations.
Info (16010): Generating hard_block partition "hard_block:auto_generated_inst"
    Info (16011): Adding 0 node(s), including 0 DDIO, 0 PLL, 0 transceiver and 0 LCELL
Warning (21074): Design contains 4 input pin(s) that do not drive logic
    Warning (15610): No output dependent on input pin "vagas_load[0]" File: C:/Users/Sophia/Documents/parasitas/USP_Poli_Lab-Dig-A/exp6/projetos/contador_idosos_02/controlador_de_vagas.vhd Line: 10
    Warning (15610): No output dependent on input pin "vagas_load[1]" File: C:/Users/Sophia/Documents/parasitas/USP_Poli_Lab-Dig-A/exp6/projetos/contador_idosos_02/controlador_de_vagas.vhd Line: 10
    Warning (15610): No output dependent on input pin "vagas_load[2]" File: C:/Users/Sophia/Documents/parasitas/USP_Poli_Lab-Dig-A/exp6/projetos/contador_idosos_02/controlador_de_vagas.vhd Line: 10
    Warning (15610): No output dependent on input pin "vagas_load[3]" File: C:/Users/Sophia/Documents/parasitas/USP_Poli_Lab-Dig-A/exp6/projetos/contador_idosos_02/controlador_de_vagas.vhd Line: 10
Info (21057): Implemented 40 device resources after synthesis - the final resource count might be different
    Info (21058): Implemented 14 input pins
    Info (21059): Implemented 9 output pins
    Info (21061): Implemented 17 logic cells
Info: Quartus Prime Analysis & Synthesis was successful. 0 errors, 12 warnings
    Info: Peak virtual memory: 720 megabytes
    Info: Processing ended: Sun May 29 14:54:42 2022
    Info: Elapsed time: 00:00:39
    Info: Total CPU time (on all processors): 00:01:37


